# JRE version: Java(TM) SE Runtime Environment (8.0_181-b13) (build 1.8.0_181-b13)
# Java VM: Dynamic Code Evolution 64-Bit Server VM (25.71-b01-dcevmlight-26 mixed mode windows-amd64 compressed oops)
Heap:
 def new generation   total 76864K, used 41583K [0x00000006c6c00000, 0x00000006cbf60000, 0x0000000719d50000)
  eden space 68352K,  55% used [0x00000006c6c00000, 0x00000006c90cd400, 0x00000006caec0000)
  from space 8512K,  45% used [0x00000006cb710000, 0x00000006cbadea08, 0x00000006cbf60000)
  to   space 8512K,   0% used [0x00000006caec0000, 0x00000006caec0000, 0x00000006cb710000)
 tenured generation   total 170688K, used 25946K [0x0000000719d50000, 0x0000000724400000, 0x00000007c0000000)
   the space 170688K,  15% used [0x0000000719d50000, 0x000000071b6a6a90, 0x000000071b6a6c00, 0x0000000724400000)
 Metaspace       used 95235K, capacity 108232K, committed 108464K, reserved 1142784K
  class space    used 11832K, capacity 14290K, committed 14332K, reserved 1048576K
GC Heap History (10 events):
Event: 11211.866 GC heap before
{Heap before GC invocations=171 (full 36):
 def new generation   total 76864K, used 69370K [0x00000006c6c00000, 0x00000006cbf60000, 0x0000000719d50000)
  eden space 68352K, 100% used [0x00000006c6c00000, 0x00000006caec0000, 0x00000006caec0000)
  from space 8512K,  11% used [0x00000006caec0000, 0x00000006cafbe810, 0x00000006cb710000)
  to   space 8512K,   0% used [0x00000006cb710000, 0x00000006cb710000, 0x00000006cbf60000)
 tenured generation   total 170688K, used 25686K [0x0000000719d50000, 0x0000000724400000, 0x00000007c0000000)
   the space 170688K,  15% used [0x0000000719d50000, 0x000000071b6659c0, 0x000000071b665a00, 0x0000000724400000)
 Metaspace       used 93447K, capacity 104322K, committed 104368K, reserved 1140736K
  class space    used 11349K, capacity 13526K, committed 13564K, reserved 1048576K
Event: 11211.883 GC heap after
Heap after GC invocations=172 (full 36):
 def new generation   total 76864K, used 3525K [0x00000006c6c00000, 0x00000006cbf60000, 0x0000000719d50000)
  eden space 68352K,   0% used [0x00000006c6c00000, 0x00000006c6c00000, 0x00000006caec0000)
  from space 8512K,  41% used [0x00000006cb710000, 0x00000006cba81520, 0x00000006cbf60000)
  to   space 8512K,   0% used [0x00000006caec0000, 0x00000006caec0000, 0x00000006cb710000)
 tenured generation   total 170688K, used 25686K [0x0000000719d50000, 0x0000000724400000, 0x00000007c0000000)
   the space 170688K,  15% used [0x0000000719d50000, 0x000000071b6659c0, 0x000000071b665a00, 0x0000000724400000)
 Metaspace       used 93447K, capacity 104322K, committed 104368K, reserved 1140736K
  class space    used 11349K, capacity 13526K, committed 13564K, reserved 1048576K
}
Event: 11213.258 GC heap before
{Heap before GC invocations=172 (full 36):
 def new generation   total 76864K, used 71877K [0x00000006c6c00000, 0x00000006cbf60000, 0x0000000719d50000)
  eden space 68352K, 100% used [0x00000006c6c00000, 0x00000006caec0000, 0x00000006caec0000)
  from space 8512K,  41% used [0x00000006cb710000, 0x00000006cba81520, 0x00000006cbf60000)
  to   space 8512K,   0% used [0x00000006caec0000, 0x00000006caec0000, 0x00000006cb710000)
 tenured generation   total 170688K, used 25686K [0x0000000719d50000, 0x0000000724400000, 0x00000007c0000000)
   the space 170688K,  15% used [0x0000000719d50000, 0x000000071b6659c0, 0x000000071b665a00, 0x0000000724400000)
 Metaspace       used 93914K, capacity 105490K, committed 105648K, reserved 1140736K
  class space    used 11486K, capacity 13736K, committed 13820K, reserved 1048576K
Event: 11213.271 GC heap after
Heap after GC invocations=173 (full 36):
 def new generation   total 76864K, used 4424K [0x00000006c6c00000, 0x00000006cbf60000, 0x0000000719d50000)
  eden space 68352K,   0% used [0x00000006c6c00000, 0x00000006c6c00000, 0x00000006caec0000)
  from space 8512K,  51% used [0x00000006caec0000, 0x00000006cb312378, 0x00000006cb710000)
  to   space 8512K,   0% used [0x00000006cb710000, 0x00000006cb710000, 0x00000006cbf60000)
 tenured generation   total 170688K, used 25686K [0x0000000719d50000, 0x0000000724400000, 0x00000007c0000000)
   the space 170688K,  15% used [0x0000000719d50000, 0x000000071b6659c0, 0x000000071b665a00, 0x0000000724400000)
 Metaspace       used 93914K, capacity 105490K, committed 105648K, reserved 1140736K
  class space    used 11486K, capacity 13736K, committed 13820K, reserved 1048576K
}
Event: 11222.329 GC heap before
{Heap before GC invocations=173 (full 36):
 def new generation   total 76864K, used 72776K [0x00000006c6c00000, 0x00000006cbf60000, 0x0000000719d50000)
  eden space 68352K, 100% used [0x00000006c6c00000, 0x00000006caec0000, 0x00000006caec0000)
  from space 8512K,  51% used [0x00000006caec0000, 0x00000006cb312378, 0x00000006cb710000)
  to   space 8512K,   0% used [0x00000006cb710000, 0x00000006cb710000, 0x00000006cbf60000)
 tenured generation   total 170688K, used 25686K [0x0000000719d50000, 0x0000000724400000, 0x00000007c0000000)
   the space 170688K,  15% used [0x0000000719d50000, 0x000000071b6659c0, 0x000000071b665a00, 0x0000000724400000)
 Metaspace       used 94240K, capacity 105996K, committed 106160K, reserved 1142784K
  class space    used 11539K, capacity 13804K, committed 13820K, reserved 1048576K
Event: 11222.343 GC heap after
Heap after GC invocations=174 (full 36):
 def new generation   total 76864K, used 2154K [0x00000006c6c00000, 0x00000006cbf60000, 0x0000000719d50000)
  eden space 68352K,   0% used [0x00000006c6c00000, 0x00000006c6c00000, 0x00000006caec0000)
  from space 8512K,  25% used [0x00000006cb710000, 0x00000006cb92a998, 0x00000006cbf60000)
  to   space 8512K,   0% used [0x00000006caec0000, 0x00000006caec0000, 0x00000006cb710000)
 tenured generation   total 170688K, used 25946K [0x0000000719d50000, 0x0000000724400000, 0x00000007c0000000)
   the space 170688K,  15% used [0x0000000719d50000, 0x000000071b6a6a90, 0x000000071b6a6c00, 0x0000000724400000)
 Metaspace       used 94240K, capacity 105996K, committed 106160K, reserved 1142784K
  class space    used 11539K, capacity 13804K, committed 13820K, reserved 1048576K
}
Event: 11241.659 GC heap before
{Heap before GC invocations=174 (full 36):
 def new generation   total 76864K, used 70506K [0x00000006c6c00000, 0x00000006cbf60000, 0x0000000719d50000)
  eden space 68352K, 100% used [0x00000006c6c00000, 0x00000006caec0000, 0x00000006caec0000)
  from space 8512K,  25% used [0x00000006cb710000, 0x00000006cb92a998, 0x00000006cbf60000)
  to   space 8512K,   0% used [0x00000006caec0000, 0x00000006caec0000, 0x00000006cb710000)
 tenured generation   total 170688K, used 25946K [0x0000000719d50000, 0x0000000724400000, 0x00000007c0000000)
   the space 170688K,  15% used [0x0000000719d50000, 0x000000071b6a6a90, 0x000000071b6a6c00, 0x0000000724400000)
 Metaspace       used 94614K, capacity 106776K, committed 106928K, reserved 1142784K
  class space    used 11657K, capacity 14000K, committed 14076K, reserved 1048576K
Event: 11241.672 GC heap after
Heap after GC invocations=175 (full 36):
 def new generation   total 76864K, used 2707K [0x00000006c6c00000, 0x00000006cbf60000, 0x0000000719d50000)
  eden space 68352K,   0% used [0x00000006c6c00000, 0x00000006c6c00000, 0x00000006caec0000)
  from space 8512K,  31% used [0x00000006caec0000, 0x00000006cb164f90, 0x00000006cb710000)
  to   space 8512K,   0% used [0x00000006cb710000, 0x00000006cb710000, 0x00000006cbf60000)
 tenured generation   total 170688K, used 25946K [0x0000000719d50000, 0x0000000724400000, 0x00000007c0000000)
   the space 170688K,  15% used [0x0000000719d50000, 0x000000071b6a6a90, 0x000000071b6a6c00, 0x0000000724400000)
 Metaspace       used 94614K, capacity 106776K, committed 106928K, reserved 1142784K
  class space    used 11657K, capacity 14000K, committed 14076K, reserved 1048576K
}
Event: 11242.670 GC heap before
{Heap before GC invocations=175 (full 36):
 def new generation   total 76864K, used 71041K [0x00000006c6c00000, 0x00000006cbf60000, 0x0000000719d50000)
  eden space 68352K,  99% used [0x00000006c6c00000, 0x00000006caebb5e8, 0x00000006caec0000)
  from space 8512K,  31% used [0x00000006caec0000, 0x00000006cb164f90, 0x00000006cb710000)
  to   space 8512K,   0% used [0x00000006cb710000, 0x00000006cb710000, 0x00000006cbf60000)
 tenured generation   total 170688K, used 25946K [0x0000000719d50000, 0x0000000724400000, 0x00000007c0000000)
   the space 170688K,  15% used [0x0000000719d50000, 0x000000071b6a6a90, 0x000000071b6a6c00, 0x0000000724400000)
 Metaspace       used 95048K, capacity 107884K, committed 108080K, reserved 1142784K
  class space    used 11779K, capacity 14188K, committed 14204K, reserved 1048576K
Event: 11242.696 GC heap after
Heap after GC invocations=176 (full 36):
 def new generation   total 76864K, used 3898K [0x00000006c6c00000, 0x00000006cbf60000, 0x0000000719d50000)
  eden space 68352K,   0% used [0x00000006c6c00000, 0x00000006c6c00000, 0x00000006caec0000)
  from space 8512K,  45% used [0x00000006cb710000, 0x00000006cbadea08, 0x00000006cbf60000)
  to   space 8512K,   0% used [0x00000006caec0000, 0x00000006caec0000, 0x00000006cb710000)
 tenured generation   total 170688K, used 25946K [0x0000000719d50000, 0x0000000724400000, 0x00000007c0000000)
   the space 170688K,  15% used [0x0000000719d50000, 0x000000071b6a6a90, 0x000000071b6a6c00, 0x0000000724400000)
 Metaspace       used 95048K, capacity 107884K, committed 108080K, reserved 1142784K
  class space    used 11779K, capacity 14188K, committed 14204K, reserved 1048576K
}

