# JRE version: Java(TM) SE Runtime Environment (8.0_181-b13) (build 1.8.0_181-b13)
# Java VM: Dynamic Code Evolution 64-Bit Server VM (25.71-b01-dcevmlight-26 mixed mode windows-amd64 compressed oops)
Heap:
 def new generation   total 76864K, used 49393K [0x00000006c6c00000, 0x00000006cbf60000, 0x0000000719d50000)
  eden space 68352K,  70% used [0x00000006c6c00000, 0x00000006c9ac73a8, 0x00000006caec0000)
  from space 8512K,  17% used [0x00000006cb710000, 0x00000006cb8851d8, 0x00000006cbf60000)
  to   space 8512K,   0% used [0x00000006caec0000, 0x00000006caec0000, 0x00000006cb710000)
 tenured generation   total 170688K, used 32591K [0x0000000719d50000, 0x0000000724400000, 0x00000007c0000000)
   the space 170688K,  19% used [0x0000000719d50000, 0x000000071bd23ea0, 0x000000071bd24000, 0x0000000724400000)
 Metaspace       used 73633K, capacity 78640K, committed 78808K, reserved 1118208K
  class space    used 10135K, capacity 10915K, committed 11008K, reserved 1048576K
GC Heap History (10 events):
Event: 2527.365 GC heap before
{Heap before GC invocations=35 (full 5):
 def new generation   total 76864K, used 73302K [0x00000006c6c00000, 0x00000006cbf60000, 0x0000000719d50000)
  eden space 68352K, 100% used [0x00000006c6c00000, 0x00000006caec0000, 0x00000006caec0000)
  from space 8512K,  58% used [0x00000006caec0000, 0x00000006cb395918, 0x00000006cb710000)
  to   space 8512K,   0% used [0x00000006cb710000, 0x00000006cb710000, 0x00000006cbf60000)
 tenured generation   total 170688K, used 28892K [0x0000000719d50000, 0x0000000724400000, 0x00000007c0000000)
   the space 170688K,  16% used [0x0000000719d50000, 0x000000071b9873b8, 0x000000071b987400, 0x0000000724400000)
 Metaspace       used 73468K, capacity 78490K, committed 78680K, reserved 1118208K
  class space    used 10123K, capacity 10871K, committed 10880K, reserved 1048576K
Event: 2527.378 GC heap after
Heap after GC invocations=36 (full 5):
 def new generation   total 76864K, used 940K [0x00000006c6c00000, 0x00000006cbf60000, 0x0000000719d50000)
  eden space 68352K,   0% used [0x00000006c6c00000, 0x00000006c6c00000, 0x00000006caec0000)
  from space 8512K,  11% used [0x00000006cb710000, 0x00000006cb7fb1d0, 0x00000006cbf60000)
  to   space 8512K,   0% used [0x00000006caec0000, 0x00000006caec0000, 0x00000006cb710000)
 tenured generation   total 170688K, used 32591K [0x0000000719d50000, 0x0000000724400000, 0x00000007c0000000)
   the space 170688K,  19% used [0x0000000719d50000, 0x000000071bd23ea0, 0x000000071bd24000, 0x0000000724400000)
 Metaspace       used 73468K, capacity 78490K, committed 78680K, reserved 1118208K
  class space    used 10123K, capacity 10871K, committed 10880K, reserved 1048576K
}
Event: 2839.126 GC heap before
{Heap before GC invocations=36 (full 5):
 def new generation   total 76864K, used 69292K [0x00000006c6c00000, 0x00000006cbf60000, 0x0000000719d50000)
  eden space 68352K, 100% used [0x00000006c6c00000, 0x00000006caec0000, 0x00000006caec0000)
  from space 8512K,  11% used [0x00000006cb710000, 0x00000006cb7fb1d0, 0x00000006cbf60000)
  to   space 8512K,   0% used [0x00000006caec0000, 0x00000006caec0000, 0x00000006cb710000)
 tenured generation   total 170688K, used 32591K [0x0000000719d50000, 0x0000000724400000, 0x00000007c0000000)
   the space 170688K,  19% used [0x0000000719d50000, 0x000000071bd23ea0, 0x000000071bd24000, 0x0000000724400000)
 Metaspace       used 73470K, capacity 78490K, committed 78680K, reserved 1118208K
  class space    used 10123K, capacity 10871K, committed 10880K, reserved 1048576K
Event: 2839.132 GC heap after
Heap after GC invocations=37 (full 5):
 def new generation   total 76864K, used 941K [0x00000006c6c00000, 0x00000006cbf60000, 0x0000000719d50000)
  eden space 68352K,   0% used [0x00000006c6c00000, 0x00000006c6c00000, 0x00000006caec0000)
  from space 8512K,  11% used [0x00000006caec0000, 0x00000006cafab5b8, 0x00000006cb710000)
  to   space 8512K,   0% used [0x00000006cb710000, 0x00000006cb710000, 0x00000006cbf60000)
 tenured generation   total 170688K, used 32591K [0x0000000719d50000, 0x0000000724400000, 0x00000007c0000000)
   the space 170688K,  19% used [0x0000000719d50000, 0x000000071bd23ea0, 0x000000071bd24000, 0x0000000724400000)
 Metaspace       used 73470K, capacity 78490K, committed 78680K, reserved 1118208K
  class space    used 10123K, capacity 10871K, committed 10880K, reserved 1048576K
}
Event: 3158.357 GC heap before
{Heap before GC invocations=37 (full 5):
 def new generation   total 76864K, used 69293K [0x00000006c6c00000, 0x00000006cbf60000, 0x0000000719d50000)
  eden space 68352K, 100% used [0x00000006c6c00000, 0x00000006caec0000, 0x00000006caec0000)
  from space 8512K,  11% used [0x00000006caec0000, 0x00000006cafab5b8, 0x00000006cb710000)
  to   space 8512K,   0% used [0x00000006cb710000, 0x00000006cb710000, 0x00000006cbf60000)
 tenured generation   total 170688K, used 32591K [0x0000000719d50000, 0x0000000724400000, 0x00000007c0000000)
   the space 170688K,  19% used [0x0000000719d50000, 0x000000071bd23ea0, 0x000000071bd24000, 0x0000000724400000)
 Metaspace       used 73473K, capacity 78490K, committed 78680K, reserved 1118208K
  class space    used 10123K, capacity 10871K, committed 10880K, reserved 1048576K
Event: 3158.368 GC heap after
Heap after GC invocations=38 (full 5):
 def new generation   total 76864K, used 949K [0x00000006c6c00000, 0x00000006cbf60000, 0x0000000719d50000)
  eden space 68352K,   0% used [0x00000006c6c00000, 0x00000006c6c00000, 0x00000006caec0000)
  from space 8512K,  11% used [0x00000006cb710000, 0x00000006cb7fd628, 0x00000006cbf60000)
  to   space 8512K,   0% used [0x00000006caec0000, 0x00000006caec0000, 0x00000006cb710000)
 tenured generation   total 170688K, used 32591K [0x0000000719d50000, 0x0000000724400000, 0x00000007c0000000)
   the space 170688K,  19% used [0x0000000719d50000, 0x000000071bd23ea0, 0x000000071bd24000, 0x0000000724400000)
 Metaspace       used 73473K, capacity 78490K, committed 78680K, reserved 1118208K
  class space    used 10123K, capacity 10871K, committed 10880K, reserved 1048576K
}
Event: 3472.789 GC heap before
{Heap before GC invocations=38 (full 5):
 def new generation   total 76864K, used 69301K [0x00000006c6c00000, 0x00000006cbf60000, 0x0000000719d50000)
  eden space 68352K, 100% used [0x00000006c6c00000, 0x00000006caec0000, 0x00000006caec0000)
  from space 8512K,  11% used [0x00000006cb710000, 0x00000006cb7fd628, 0x00000006cbf60000)
  to   space 8512K,   0% used [0x00000006caec0000, 0x00000006caec0000, 0x00000006cb710000)
 tenured generation   total 170688K, used 32591K [0x0000000719d50000, 0x0000000724400000, 0x00000007c0000000)
   the space 170688K,  19% used [0x0000000719d50000, 0x000000071bd23ea0, 0x000000071bd24000, 0x0000000724400000)
 Metaspace       used 73474K, capacity 78490K, committed 78680K, reserved 1118208K
  class space    used 10123K, capacity 10871K, committed 10880K, reserved 1048576K
Event: 3472.794 GC heap after
Heap after GC invocations=39 (full 5):
 def new generation   total 76864K, used 948K [0x00000006c6c00000, 0x00000006cbf60000, 0x0000000719d50000)
  eden space 68352K,   0% used [0x00000006c6c00000, 0x00000006c6c00000, 0x00000006caec0000)
  from space 8512K,  11% used [0x00000006caec0000, 0x00000006cafad1c0, 0x00000006cb710000)
  to   space 8512K,   0% used [0x00000006cb710000, 0x00000006cb710000, 0x00000006cbf60000)
 tenured generation   total 170688K, used 32591K [0x0000000719d50000, 0x0000000724400000, 0x00000007c0000000)
   the space 170688K,  19% used [0x0000000719d50000, 0x000000071bd23ea0, 0x000000071bd24000, 0x0000000724400000)
 Metaspace       used 73474K, capacity 78490K, committed 78680K, reserved 1118208K
  class space    used 10123K, capacity 10871K, committed 10880K, reserved 1048576K
}
Event: 3779.344 GC heap before
{Heap before GC invocations=39 (full 5):
 def new generation   total 76864K, used 69300K [0x00000006c6c00000, 0x00000006cbf60000, 0x0000000719d50000)
  eden space 68352K, 100% used [0x00000006c6c00000, 0x00000006caec0000, 0x00000006caec0000)
  from space 8512K,  11% used [0x00000006caec0000, 0x00000006cafad1c0, 0x00000006cb710000)
  to   space 8512K,   0% used [0x00000006cb710000, 0x00000006cb710000, 0x00000006cbf60000)
 tenured generation   total 170688K, used 32591K [0x0000000719d50000, 0x0000000724400000, 0x00000007c0000000)
   the space 170688K,  19% used [0x0000000719d50000, 0x000000071bd23ea0, 0x000000071bd24000, 0x0000000724400000)
 Metaspace       used 73500K, capacity 78496K, committed 78680K, reserved 1118208K
  class space    used 10123K, capacity 10872K, committed 10880K, reserved 1048576K
Event: 3779.349 GC heap after
Heap after GC invocations=40 (full 5):
 def new generation   total 76864K, used 1492K [0x00000006c6c00000, 0x00000006cbf60000, 0x0000000719d50000)
  eden space 68352K,   0% used [0x00000006c6c00000, 0x00000006c6c00000, 0x00000006caec0000)
  from space 8512K,  17% used [0x00000006cb710000, 0x00000006cb8851d8, 0x00000006cbf60000)
  to   space 8512K,   0% used [0x00000006caec0000, 0x00000006caec0000, 0x00000006cb710000)
 tenured generation   total 170688K, used 32591K [0x0000000719d50000, 0x0000000724400000, 0x00000007c0000000)
   the space 170688K,  19% used [0x0000000719d50000, 0x000000071bd23ea0, 0x000000071bd24000, 0x0000000724400000)
 Metaspace       used 73500K, capacity 78496K, committed 78680K, reserved 1118208K
  class space    used 10123K, capacity 10872K, committed 10880K, reserved 1048576K
}

